<?xml version="1.0" encoding="UTF-8"?>
<!-- Generated by org.testng.reporters.JUnitReportReporter -->
<testsuite hostname="ImranMosin" name="com.actitime.tests.VerifyVersionTest" tests="1" failures="0" timestamp="28 Jun 2018 16:50:19 GMT" time="0.235" errors="0">
  <testcase name="testVerifyVersion" time="0.235" classname="com.actitime.tests.VerifyVersionTest"/>
</testsuite> <!-- com.actitime.tests.VerifyVersionTest -->
