<?xml version="1.0" encoding="UTF-8"?>
<!-- Generated by org.testng.reporters.JUnitReportReporter -->
<testsuite hostname="ImranMosin" name="com.actitime.tests.InvalidLoginTest" tests="1" failures="0" timestamp="28 Jun 2018 16:50:19 GMT" time="4.870" errors="0">
  <testcase name="testInvalidLogin" time="4.870" classname="com.actitime.tests.InvalidLoginTest"/>
</testsuite> <!-- com.actitime.tests.InvalidLoginTest -->
