<?xml version="1.0" encoding="UTF-8"?>
<!-- Generated by org.testng.reporters.JUnitReportReporter -->
<testsuite hostname="ImranMosin" name="com.actitime.tests.ValidLoginLogoutTest" tests="1" failures="0" timestamp="28 Jun 2018 16:50:19 GMT" time="8.851" errors="0">
  <testcase name="testValidLoginLogout" time="8.851" classname="com.actitime.tests.ValidLoginLogoutTest"/>
</testsuite> <!-- com.actitime.tests.ValidLoginLogoutTest -->
